* Starting client
* Connecting to master process on port 21592
* Analyzing classpath: 
  - C:/Users/Ali/Desktop/HW4/target/classes
  - C:\Program Files\Java\jdk1.8.0_201\jre\lib\charsets.jar
  - C:\Program Files\Java\jdk1.8.0_201\jre\lib\deploy.jar
  - C:\Program Files\Java\jdk1.8.0_201\jre\lib\ext\access-bridge-64.jar
  - C:\Program Files\Java\jdk1.8.0_201\jre\lib\ext\cldrdata.jar
  - C:\Program Files\Java\jdk1.8.0_201\jre\lib\ext\dnsns.jar
  - C:\Program Files\Java\jdk1.8.0_201\jre\lib\ext\jaccess.jar
  - C:\Program Files\Java\jdk1.8.0_201\jre\lib\ext\jfxrt.jar
  - C:\Program Files\Java\jdk1.8.0_201\jre\lib\ext\localedata.jar
  - C:\Program Files\Java\jdk1.8.0_201\jre\lib\ext\nashorn.jar
  - C:\Program Files\Java\jdk1.8.0_201\jre\lib\ext\sunec.jar
  - C:\Program Files\Java\jdk1.8.0_201\jre\lib\ext\sunjce_provider.jar
  - C:\Program Files\Java\jdk1.8.0_201\jre\lib\ext\sunmscapi.jar
  - C:\Program Files\Java\jdk1.8.0_201\jre\lib\ext\sunpkcs11.jar
  - C:\Program Files\Java\jdk1.8.0_201\jre\lib\ext\zipfs.jar
  - C:\Program Files\Java\jdk1.8.0_201\jre\lib\javaws.jar
  - C:\Program Files\Java\jdk1.8.0_201\jre\lib\jce.jar
  - C:\Program Files\Java\jdk1.8.0_201\jre\lib\jfr.jar
  - C:\Program Files\Java\jdk1.8.0_201\jre\lib\jfxswt.jar
  - C:\Program Files\Java\jdk1.8.0_201\jre\lib\jsse.jar
  - C:\Program Files\Java\jdk1.8.0_201\jre\lib\management-agent.jar
  - C:\Program Files\Java\jdk1.8.0_201\jre\lib\plugin.jar
  - C:\Program Files\Java\jdk1.8.0_201\jre\lib\resources.jar
  - C:\Program Files\Java\jdk1.8.0_201\jre\lib\rt.jar
  - C:\Users\Ali\Desktop\HW4\target\test-classes
  - C:\Users\Ali\Desktop\HW4\target\classes
  - C:\Users\Ali\.m2\repository\junit\junit\4.13.2\junit-4.13.2.jar
  - C:\Users\Ali\.m2\repository\org\hamcrest\hamcrest-core\1.3\hamcrest-core-1.3.jar
  - C:\Users\Ali\.m2\repository\com\pholser\junit-quickcheck-generators\1.0\junit-quickcheck-generators-1.0.jar
  - C:\Users\Ali\.m2\repository\com\pholser\junit-quickcheck-core\1.0\junit-quickcheck-core-1.0.jar
  - C:\Users\Ali\.m2\repository\com\pholser\junit-quickcheck-core\1.0\junit-quickcheck-core-1.0-tests.jar
  - C:\Users\Ali\.m2\repository\org\javaruntype\javaruntype\1.3\javaruntype-1.3.jar
  - C:\Users\Ali\.m2\repository\org\antlr\antlr-runtime\3.1.2\antlr-runtime-3.1.2.jar
  - C:\Users\Ali\.m2\repository\ognl\ognl\3.1.12\ognl-3.1.12.jar
  - C:\Users\Ali\.m2\repository\org\javassist\javassist\3.20.0-GA\javassist-3.20.0-GA.jar
  - C:\Users\Ali\.m2\repository\ru\vyarus\generics-resolver\3.0.1\generics-resolver-3.0.1.jar
  - C:\Users\Ali\.m2\repository\org\slf4j\slf4j-api\1.7.25\slf4j-api-1.7.25.jar
* Finished analyzing classpath
* Generating tests for class ir.ramtung.impl2.Library
* Test criteria:
  - Line Coverage
  - Branch Coverage
  - Exception
  - Mutation testing (weak)
  - Method-Output Coverage
  - Top-Level Method Coverage
  - No-Exception Top-Level Method Coverage
  - Context Branch Coverage
* Setting up search algorithm for whole suite generation
* Loaded 60 tests from C:\Users\Ali\Desktop\HW4\.evosuite\evosuite-seeds\ir.ramtung.impl2.Library.seed
* Total number of test goals: 
  - Line 97
  - Branch 71
  - Exception 0
  - MutationFactory 182
  - Output 9
  - Method 12
  - MethodNoException 12
  - CBranchFitnessFactory 71
* Using seed 1718388725996
* Starting evolution
[MASTER] 22:42:13.772 [pool-2-thread-1] WARN  TimeController - Phase INITIALIZATION lasted too long, 2 seconds more than allowed.
* Search finished after 31s and 36 generations, 19571 statements, best individual has fitness: 21.06249991030589
* Writing sequences to pool
* Minimizing test suite
[MASTER] 22:42:51.246 [pool-2-thread-1] WARN  TestSuiteMinimizer - Minimization timeout. Roll back to original test suite
* Going to analyze the coverage criteria
* Coverage analysis for criterion LINE
* Coverage of criterion LINE: 100%
* Total number of goals: 97
* Number of covered goals: 97
* Coverage analysis for criterion BRANCH
* Coverage of criterion BRANCH: 100%
* Total number of goals: 71
* Number of covered goals: 71
* Coverage analysis for criterion EXCEPTION
* Coverage of criterion EXCEPTION: 100%
* Total number of goals: 15
* Number of covered goals: 15
* Coverage analysis for criterion WEAKMUTATION
* Coverage of criterion WEAKMUTATION: 90%
* Total number of goals: 182
* Number of covered goals: 164
* Coverage analysis for criterion OUTPUT
* Coverage of criterion OUTPUT: 56%
* Total number of goals: 9
* Number of covered goals: 5
* Coverage analysis for criterion METHOD
* Coverage of criterion METHOD: 100%
* Total number of goals: 12
* Number of covered goals: 12
* Coverage analysis for criterion METHODNOEXCEPTION
* Coverage of criterion METHODNOEXCEPTION: 100%
* Total number of goals: 12
* Number of covered goals: 12
* Coverage analysis for criterion CBRANCH
* Coverage of criterion CBRANCH: 100%
* Total number of goals: 71
* Number of covered goals: 71
* Generated 45 tests with total length 607
* Resulting test suite's coverage: 93% (average coverage for all fitness functions)
* Generating assertions
[MASTER] 22:42:56.350 [pool-2-thread-1] WARN  SimpleMutationAssertionGenerator - Reached maximum time to generate assertions, aborting assertion generation
* Resulting test suite's mutation score: 1%
* Compiling and checking tests
* Writing JUnit test case 'Library_ESTest' to C:\Users\Ali\Desktop\HW4\.evosuite\tmp_2024_06_14_22_41_59\tests
* Done!

